<?xml version="1.0" encoding="UTF-8"?>
<!-- Generated by org.testng.reporters.JUnitReportReporter -->
<testsuite skipped="0" hostname="LENOVO-PC" name="tests.Testcase" tests="1" failures="0" timestamp="09 Sep 2018 05:40:43 GMT" time="40.321" errors="0">
  <testcase name="test" time="40.321" classname="tests.Testcase"/>
</testsuite> <!-- tests.Testcase -->
